2017-06-13 11:46:43 Error: Fatal Error (1): Class 'Role' not found in [E:\cakePHP\app\Controller\Component\AuthoritComponent.php, line 23]
2017-06-13 11:46:43 Error: [FatalErrorException] Class 'Role' not found
Request URL: /
Stack Trace:
#0 E:\cakePHP\lib\Cake\Error\ErrorHandler.php(213): ErrorHandler::handleFatalError(1, 'Class 'Role' no...', 'E:\\cakePHP\\app\\...', 23)
#1 [internal function]: ErrorHandler::handleError(1, 'Class 'Role' no...', 'E:\\cakePHP\\app\\...', 23, Array)
#2 E:\cakePHP\lib\Cake\Core\App.php(970): call_user_func('ErrorHandler::h...', 1, 'Class 'Role' no...', 'E:\\cakePHP\\app\\...', 23, Array)
#3 E:\cakePHP\lib\Cake\Core\App.php(943): App::_checkFatalError()
#4 [internal function]: App::shutdown()
#5 {main}
2017-06-13 16:33:24 Error: Fatal Error (1): Class 'Role' not found in [E:\cakePHP\app\Controller\Component\AuthoritComponent.php, line 23]
2017-06-13 16:33:24 Error: [FatalErrorException] Class 'Role' not found
Request URL: /
Stack Trace:
#0 E:\cakePHP\lib\Cake\Error\ErrorHandler.php(213): ErrorHandler::handleFatalError(1, 'Class 'Role' no...', 'E:\\cakePHP\\app\\...', 23)
#1 [internal function]: ErrorHandler::handleError(1, 'Class 'Role' no...', 'E:\\cakePHP\\app\\...', 23, Array)
#2 E:\cakePHP\lib\Cake\Core\App.php(970): call_user_func('ErrorHandler::h...', 1, 'Class 'Role' no...', 'E:\\cakePHP\\app\\...', 23, Array)
#3 E:\cakePHP\lib\Cake\Core\App.php(943): App::_checkFatalError()
#4 [internal function]: App::shutdown()
#5 {main}
2017-06-13 16:39:53 Error: [MissingViewException] View file "Users\login.ctp" is missing.
Exception Attributes: array (
  'file' => 'Users\\login.ctp',
)
Request URL: /users/login
Stack Trace:
#0 E:\cakePHP\lib\Cake\View\View.php(470): View->_getViewFileName(NULL)
#1 E:\cakePHP\lib\Cake\Controller\Controller.php(963): View->render(NULL, NULL)
#2 E:\cakePHP\lib\Cake\Routing\Dispatcher.php(200): Controller->render()
#3 E:\cakePHP\lib\Cake\Routing\Dispatcher.php(167): Dispatcher->_invoke(Object(UsersController), Object(CakeRequest))
#4 E:\cakePHP\app\webroot\index.php(111): Dispatcher->dispatch(Object(CakeRequest), Object(CakeResponse))
#5 {main}
2017-06-13 16:41:45 Error: [MissingActionException] Action UsersController::media() could not be found.
Exception Attributes: array (
  'controller' => 'UsersController',
  'action' => 'media',
)
Request URL: /users/media/image/favicon.ico
Stack Trace:
#0 E:\cakePHP\lib\Cake\Routing\Dispatcher.php(193): Controller->invokeAction(Object(CakeRequest))
#1 E:\cakePHP\lib\Cake\Routing\Dispatcher.php(167): Dispatcher->_invoke(Object(UsersController), Object(CakeRequest))
#2 E:\cakePHP\app\webroot\index.php(111): Dispatcher->dispatch(Object(CakeRequest), Object(CakeResponse))
#3 {main}
2017-06-13 16:42:09 Error: [MissingTableException] Table yz_sqls for model Sql was not found in datasource default.
Exception Attributes: array (
  'table' => 'yz_sqls',
  'class' => 'Sql',
  'ds' => 'default',
)
Request URL: /Index
Stack Trace:
#0 E:\cakePHP\lib\Cake\Model\Model.php(3653): Model->setSource('sqls')
#1 E:\cakePHP\lib\Cake\Model\Model.php(3455): Model->getDataSource()
#2 E:\cakePHP\app\Controller\IndexController.php(90): Model->query('Select count(id...')
#3 [internal function]: IndexController->index()
#4 E:\cakePHP\lib\Cake\Controller\Controller.php(491): ReflectionMethod->invokeArgs(Object(IndexController), Array)
#5 E:\cakePHP\lib\Cake\Routing\Dispatcher.php(193): Controller->invokeAction(Object(CakeRequest))
#6 E:\cakePHP\lib\Cake\Routing\Dispatcher.php(167): Dispatcher->_invoke(Object(IndexController), Object(CakeRequest))
#7 E:\cakePHP\app\webroot\index.php(111): Dispatcher->dispatch(Object(CakeRequest), Object(CakeResponse))
#8 {main}
2017-06-13 16:42:42 Error: [MissingTableException] Table yz_sqls for model Sql was not found in datasource default.
Exception Attributes: array (
  'table' => 'yz_sqls',
  'class' => 'Sql',
  'ds' => 'default',
)
Request URL: /Index/index
Stack Trace:
#0 E:\cakePHP\lib\Cake\Model\Model.php(3653): Model->setSource('sqls')
#1 E:\cakePHP\lib\Cake\Model\Model.php(3455): Model->getDataSource()
#2 E:\cakePHP\app\Controller\IndexController.php(90): Model->query('Select count(id...')
#3 [internal function]: IndexController->index()
#4 E:\cakePHP\lib\Cake\Controller\Controller.php(491): ReflectionMethod->invokeArgs(Object(IndexController), Array)
#5 E:\cakePHP\lib\Cake\Routing\Dispatcher.php(193): Controller->invokeAction(Object(CakeRequest))
#6 E:\cakePHP\lib\Cake\Routing\Dispatcher.php(167): Dispatcher->_invoke(Object(IndexController), Object(CakeRequest))
#7 E:\cakePHP\app\webroot\index.php(111): Dispatcher->dispatch(Object(CakeRequest), Object(CakeResponse))
#8 {main}
2017-06-13 17:28:53 Error: [MissingViewException] View file "Users\forgetpassword.ctp" is missing.
Exception Attributes: array (
  'file' => 'Users\\forgetpassword.ctp',
)
Request URL: /Users/forgetpassword
Stack Trace:
#0 E:\cakePHP\lib\Cake\View\View.php(470): View->_getViewFileName(NULL)
#1 E:\cakePHP\lib\Cake\Controller\Controller.php(963): View->render(NULL, NULL)
#2 E:\cakePHP\lib\Cake\Routing\Dispatcher.php(200): Controller->render()
#3 E:\cakePHP\lib\Cake\Routing\Dispatcher.php(167): Dispatcher->_invoke(Object(UsersController), Object(CakeRequest))
#4 E:\cakePHP\app\webroot\index.php(111): Dispatcher->dispatch(Object(CakeRequest), Object(CakeResponse))
#5 {main}
2017-06-13 17:39:53 Error: [MissingActionException] Action IndexController::media() could not be found.
Exception Attributes: array (
  'controller' => 'IndexController',
  'action' => 'media',
)
Request URL: /Index/media/image/favicon.ico
Stack Trace:
#0 E:\cakePHP\lib\Cake\Routing\Dispatcher.php(193): Controller->invokeAction(Object(CakeRequest))
#1 E:\cakePHP\lib\Cake\Routing\Dispatcher.php(167): Dispatcher->_invoke(Object(IndexController), Object(CakeRequest))
#2 E:\cakePHP\app\webroot\index.php(111): Dispatcher->dispatch(Object(CakeRequest), Object(CakeResponse))
#3 {main}
2017-06-14 09:42:02 Error: [MissingActionException] Action UsersController::media() could not be found.
Exception Attributes: array (
  'controller' => 'UsersController',
  'action' => 'media',
)
Request URL: /users/media/image/favicon.ico
Stack Trace:
#0 E:\cakePHP\lib\Cake\Routing\Dispatcher.php(193): Controller->invokeAction(Object(CakeRequest))
#1 E:\cakePHP\lib\Cake\Routing\Dispatcher.php(167): Dispatcher->_invoke(Object(UsersController), Object(CakeRequest))
#2 E:\cakePHP\app\webroot\index.php(111): Dispatcher->dispatch(Object(CakeRequest), Object(CakeResponse))
#3 {main}
2017-06-14 10:35:21 Error: [MissingControllerException] Controller class MediaController could not be found.
Exception Attributes: array (
  'class' => 'MediaController',
  'plugin' => NULL,
)
Request URL: /media/image/favicon.ico
Stack Trace:
#0 E:\cakePHP\app\webroot\index.php(111): Dispatcher->dispatch(Object(CakeRequest), Object(CakeResponse))
#1 {main}
2017-06-14 11:09:52 Error: [MissingControllerException] Controller class MediaController could not be found.
Exception Attributes: array (
  'class' => 'MediaController',
  'plugin' => NULL,
)
Request URL: /media/image/favicon.ico
Stack Trace:
#0 E:\cakePHP\app\webroot\index.php(111): Dispatcher->dispatch(Object(CakeRequest), Object(CakeResponse))
#1 {main}
2017-06-14 11:24:33 Error: [MissingActionException] Action UsersController::media() could not be found.
Exception Attributes: array (
  'controller' => 'UsersController',
  'action' => 'media',
)
Request URL: /users/media/image/favicon.ico
Stack Trace:
#0 E:\cakePHP\lib\Cake\Routing\Dispatcher.php(193): Controller->invokeAction(Object(CakeRequest))
#1 E:\cakePHP\lib\Cake\Routing\Dispatcher.php(167): Dispatcher->_invoke(Object(UsersController), Object(CakeRequest))
#2 E:\cakePHP\app\webroot\index.php(111): Dispatcher->dispatch(Object(CakeRequest), Object(CakeResponse))
#3 {main}
2017-06-14 11:25:40 Error: [MissingTableException] Table yz_user_logs for model UserLog was not found in datasource default.
Exception Attributes: array (
  'table' => 'yz_user_logs',
  'class' => 'UserLog',
  'ds' => 'default',
)
Request URL: /users/user_log
Stack Trace:
#0 E:\cakePHP\lib\Cake\Model\Model.php(3653): Model->setSource('user_logs')
#1 E:\cakePHP\lib\Cake\Model\Model.php(3031): Model->getDataSource()
#2 E:\cakePHP\lib\Cake\Model\Model.php(3003): Model->_readDataSource('all', Array)
#3 E:\cakePHP\lib\Cake\Controller\Component\PaginatorComponent.php(196): Model->find('all', Array)
#4 E:\cakePHP\lib\Cake\Controller\Controller.php(1089): PaginatorComponent->paginate('UserLog', Array, Array)
#5 E:\cakePHP\app\Controller\UsersController.php(501): Controller->paginate('UserLog')
#6 [internal function]: UsersController->user_log()
#7 E:\cakePHP\lib\Cake\Controller\Controller.php(491): ReflectionMethod->invokeArgs(Object(UsersController), Array)
#8 E:\cakePHP\lib\Cake\Routing\Dispatcher.php(193): Controller->invokeAction(Object(CakeRequest))
#9 E:\cakePHP\lib\Cake\Routing\Dispatcher.php(167): Dispatcher->_invoke(Object(UsersController), Object(CakeRequest))
#10 E:\cakePHP\app\webroot\index.php(111): Dispatcher->dispatch(Object(CakeRequest), Object(CakeResponse))
#11 {main}
2017-06-14 11:51:41 Error: [MissingControllerException] Controller class ImageController could not be found.
Exception Attributes: array (
  'class' => 'ImageController',
  'plugin' => NULL,
)
Request URL: /image/favicon.ico
Stack Trace:
#0 E:\cakePHP\app\webroot\index.php(111): Dispatcher->dispatch(Object(CakeRequest), Object(CakeResponse))
#1 {main}
2017-06-14 11:52:28 Error: [MissingControllerException] Controller class ImageController could not be found.
Exception Attributes: array (
  'class' => 'ImageController',
  'plugin' => NULL,
)
Request URL: /image/favicon.ico
Stack Trace:
#0 E:\cakePHP\app\webroot\index.php(111): Dispatcher->dispatch(Object(CakeRequest), Object(CakeResponse))
#1 {main}
2017-06-14 11:52:48 Error: [MissingControllerException] Controller class WebrootController could not be found.
Exception Attributes: array (
  'class' => 'WebrootController',
  'plugin' => NULL,
)
Request URL: /webroot/image/favicon.ico
Stack Trace:
#0 E:\cakePHP\app\webroot\index.php(111): Dispatcher->dispatch(Object(CakeRequest), Object(CakeResponse))
#1 {main}
2017-06-14 14:38:43 Error: [MissingActionException] Action UsersController::favicon1.ico() could not be found.
Exception Attributes: array (
  'controller' => 'UsersController',
  'action' => 'favicon1.ico',
)
Request URL: /users/favicon1.ico
Stack Trace:
#0 E:\cakePHP\lib\Cake\Routing\Dispatcher.php(193): Controller->invokeAction(Object(CakeRequest))
#1 E:\cakePHP\lib\Cake\Routing\Dispatcher.php(167): Dispatcher->_invoke(Object(UsersController), Object(CakeRequest))
#2 E:\cakePHP\app\webroot\index.php(111): Dispatcher->dispatch(Object(CakeRequest), Object(CakeResponse))
#3 {main}
2017-06-14 14:45:34 Error: Fatal Error (1): Call to undefined method UsersController::getTitleUrl() in [E:\cakePHP\app\Controller\UsersController.php, line 13]
2017-06-14 14:45:34 Error: [FatalErrorException] Call to undefined method UsersController::getTitleUrl()
Request URL: /users/index
Stack Trace:
#0 E:\cakePHP\lib\Cake\Error\ErrorHandler.php(213): ErrorHandler::handleFatalError(1, 'Call to undefin...', 'E:\\cakePHP\\app\\...', 13)
#1 [internal function]: ErrorHandler::handleError(1, 'Call to undefin...', 'E:\\cakePHP\\app\\...', 13, Array)
#2 E:\cakePHP\lib\Cake\Core\App.php(970): call_user_func('ErrorHandler::h...', 1, 'Call to undefin...', 'E:\\cakePHP\\app\\...', 13, Array)
#3 E:\cakePHP\lib\Cake\Core\App.php(943): App::_checkFatalError()
#4 [internal function]: App::shutdown()
#5 {main}
2017-06-14 15:23:10 Error: [MissingControllerException] Controller class Favicon.icoController could not be found.
Exception Attributes: array (
  'class' => 'Favicon.icoController',
  'plugin' => NULL,
)
Request URL: /favicon.ico
Stack Trace:
#0 E:\cakePHP\app\webroot\index.php(111): Dispatcher->dispatch(Object(CakeRequest), Object(CakeResponse))
#1 {main}
2017-06-14 15:33:34 Error: [MissingActionException] Action UsersController::favicon1.ico() could not be found.
Exception Attributes: array (
  'controller' => 'UsersController',
  'action' => 'favicon1.ico',
)
Request URL: /Users/favicon1.ico
Stack Trace:
#0 E:\cakePHP\lib\Cake\Routing\Dispatcher.php(193): Controller->invokeAction(Object(CakeRequest))
#1 E:\cakePHP\lib\Cake\Routing\Dispatcher.php(167): Dispatcher->_invoke(Object(UsersController), Object(CakeRequest))
#2 E:\cakePHP\app\webroot\index.php(111): Dispatcher->dispatch(Object(CakeRequest), Object(CakeResponse))
#3 {main}
2017-06-14 15:35:33 Error: Fatal Error (1): Call to a member function getrdclist() on null in [E:\cakePHP\app\Controller\UsersController.php, line 81]
2017-06-14 15:35:33 Error: [FatalErrorException] Call to a member function getrdclist() on null
Request URL: /Users/add
Stack Trace:
#0 E:\cakePHP\lib\Cake\Error\ErrorHandler.php(213): ErrorHandler::handleFatalError(1, 'Call to a membe...', 'E:\\cakePHP\\app\\...', 81)
#1 [internal function]: ErrorHandler::handleError(1, 'Call to a membe...', 'E:\\cakePHP\\app\\...', 81, Array)
#2 E:\cakePHP\lib\Cake\Core\App.php(970): call_user_func('ErrorHandler::h...', 1, 'Call to a membe...', 'E:\\cakePHP\\app\\...', 81, Array)
#3 E:\cakePHP\lib\Cake\Core\App.php(943): App::_checkFatalError()
#4 [internal function]: App::shutdown()
#5 {main}
2017-06-14 15:35:40 Error: [MissingViewException] View file "Roles\index.ctp" is missing.
Exception Attributes: array (
  'file' => 'Roles\\index.ctp',
)
Request URL: /Roles/index
Stack Trace:
#0 E:\cakePHP\lib\Cake\View\View.php(470): View->_getViewFileName(NULL)
#1 E:\cakePHP\lib\Cake\Controller\Controller.php(963): View->render(NULL, NULL)
#2 E:\cakePHP\lib\Cake\Routing\Dispatcher.php(200): Controller->render()
#3 E:\cakePHP\lib\Cake\Routing\Dispatcher.php(167): Dispatcher->_invoke(Object(RolesController), Object(CakeRequest))
#4 E:\cakePHP\app\webroot\index.php(111): Dispatcher->dispatch(Object(CakeRequest), Object(CakeResponse))
#5 {main}
2017-06-14 15:41:36 Error: [MissingActionException] Action UsersController::theme() could not be found.
Exception Attributes: array (
  'controller' => 'UsersController',
  'action' => 'theme',
)
Request URL: /Users/theme/Theme1/image/ajax-loading.gif
Stack Trace:
#0 E:\cakePHP\lib\Cake\Routing\Dispatcher.php(193): Controller->invokeAction(Object(CakeRequest))
#1 E:\cakePHP\lib\Cake\Routing\Dispatcher.php(167): Dispatcher->_invoke(Object(UsersController), Object(CakeRequest))
#2 E:\cakePHP\app\webroot\index.php(111): Dispatcher->dispatch(Object(CakeRequest), Object(CakeResponse))
#3 {main}
2017-06-14 15:41:39 Error: [MissingActionException] Action UsersController::theme() could not be found.
Exception Attributes: array (
  'controller' => 'UsersController',
  'action' => 'theme',
)
Request URL: /Users/theme/Theme1/image/ajax-loading.gif
Stack Trace:
#0 E:\cakePHP\lib\Cake\Routing\Dispatcher.php(193): Controller->invokeAction(Object(CakeRequest))
#1 E:\cakePHP\lib\Cake\Routing\Dispatcher.php(167): Dispatcher->_invoke(Object(UsersController), Object(CakeRequest))
#2 E:\cakePHP\app\webroot\index.php(111): Dispatcher->dispatch(Object(CakeRequest), Object(CakeResponse))
#3 {main}
2017-06-14 15:41:43 Error: [MissingActionException] Action UsersController::theme() could not be found.
Exception Attributes: array (
  'controller' => 'UsersController',
  'action' => 'theme',
)
Request URL: /Users/theme/Theme1/image/ajax-loading.gif
Stack Trace:
#0 E:\cakePHP\lib\Cake\Routing\Dispatcher.php(193): Controller->invokeAction(Object(CakeRequest))
#1 E:\cakePHP\lib\Cake\Routing\Dispatcher.php(167): Dispatcher->_invoke(Object(UsersController), Object(CakeRequest))
#2 E:\cakePHP\app\webroot\index.php(111): Dispatcher->dispatch(Object(CakeRequest), Object(CakeResponse))
#3 {main}
2017-06-14 15:42:08 Error: [MissingActionException] Action UsersController::theme() could not be found.
Exception Attributes: array (
  'controller' => 'UsersController',
  'action' => 'theme',
)
Request URL: /Users/theme/Theme1/image/ajax-loading.gif
Stack Trace:
#0 E:\cakePHP\lib\Cake\Routing\Dispatcher.php(193): Controller->invokeAction(Object(CakeRequest))
#1 E:\cakePHP\lib\Cake\Routing\Dispatcher.php(167): Dispatcher->_invoke(Object(UsersController), Object(CakeRequest))
#2 E:\cakePHP\app\webroot\index.php(111): Dispatcher->dispatch(Object(CakeRequest), Object(CakeResponse))
#3 {main}
2017-06-14 15:46:13 Error: [MissingControllerException] Controller class CssController could not be found.
Exception Attributes: array (
  'class' => 'CssController',
  'plugin' => NULL,
)
Request URL: /css/search_area.css
Stack Trace:
#0 E:\cakePHP\app\webroot\index.php(111): Dispatcher->dispatch(Object(CakeRequest), Object(CakeResponse))
#1 {main}
2017-06-14 15:46:18 Error: [MissingControllerException] Controller class CssController could not be found.
Exception Attributes: array (
  'class' => 'CssController',
  'plugin' => NULL,
)
Request URL: /css/search_area.css
Stack Trace:
#0 E:\cakePHP\app\webroot\index.php(111): Dispatcher->dispatch(Object(CakeRequest), Object(CakeResponse))
#1 {main}
2017-06-14 16:20:13 Error: [MissingViewException] View file "Roles\index.ctp" is missing.
Exception Attributes: array (
  'file' => 'Roles\\index.ctp',
)
Request URL: /Roles/index
Stack Trace:
#0 E:\cakePHP\lib\Cake\View\View.php(470): View->_getViewFileName(NULL)
#1 E:\cakePHP\lib\Cake\Controller\Controller.php(963): View->render(NULL, NULL)
#2 E:\cakePHP\lib\Cake\Routing\Dispatcher.php(200): Controller->render()
#3 E:\cakePHP\lib\Cake\Routing\Dispatcher.php(167): Dispatcher->_invoke(Object(RolesController), Object(CakeRequest))
#4 E:\cakePHP\app\webroot\index.php(111): Dispatcher->dispatch(Object(CakeRequest), Object(CakeResponse))
#5 {main}
2017-06-14 17:23:36 Error: Fatal Error (1): Call to a member function saveField() on null in [E:\cakePHP\app\Controller\UsersController.php, line 82]
2017-06-14 17:23:36 Error: [FatalErrorException] Call to a member function saveField() on null
Request URL: /Users/is_login?user=3&is_login=1
Stack Trace:
#0 E:\cakePHP\lib\Cake\Error\ErrorHandler.php(213): ErrorHandler::handleFatalError(1, 'Call to a membe...', 'E:\\cakePHP\\app\\...', 82)
#1 [internal function]: ErrorHandler::handleError(1, 'Call to a membe...', 'E:\\cakePHP\\app\\...', 82, Array)
#2 E:\cakePHP\lib\Cake\Core\App.php(970): call_user_func('ErrorHandler::h...', 1, 'Call to a membe...', 'E:\\cakePHP\\app\\...', 82, Array)
#3 E:\cakePHP\lib\Cake\Core\App.php(943): App::_checkFatalError()
#4 [internal function]: App::shutdown()
#5 {main}
2017-06-14 17:45:26 Error: Fatal Error (1): Call to a member function getrdclist() on null in [E:\cakePHP\app\Controller\UsersController.php, line 132]
2017-06-14 17:45:26 Error: [FatalErrorException] Call to a member function getrdclist() on null
Request URL: /Users/add
Stack Trace:
#0 E:\cakePHP\lib\Cake\Error\ErrorHandler.php(213): ErrorHandler::handleFatalError(1, 'Call to a membe...', 'E:\\cakePHP\\app\\...', 132)
#1 [internal function]: ErrorHandler::handleError(1, 'Call to a membe...', 'E:\\cakePHP\\app\\...', 132, Array)
#2 E:\cakePHP\lib\Cake\Core\App.php(970): call_user_func('ErrorHandler::h...', 1, 'Call to a membe...', 'E:\\cakePHP\\app\\...', 132, Array)
#3 E:\cakePHP\lib\Cake\Core\App.php(943): App::_checkFatalError()
#4 [internal function]: App::shutdown()
#5 {main}
2017-06-14 18:30:04 Error: [MissingControllerException] Controller class JsController could not be found.
Exception Attributes: array (
  'class' => 'JsController',
  'plugin' => NULL,
)
Request URL: /js/form_samples.js
Stack Trace:
#0 E:\cakePHP\app\webroot\index.php(111): Dispatcher->dispatch(Object(CakeRequest), Object(CakeResponse))
#1 {main}
2017-06-14 18:31:05 Error: [MissingControllerException] Controller class JsController could not be found.
Exception Attributes: array (
  'class' => 'JsController',
  'plugin' => NULL,
)
Request URL: /js/form_samples.js
Stack Trace:
#0 E:\cakePHP\app\webroot\index.php(111): Dispatcher->dispatch(Object(CakeRequest), Object(CakeResponse))
#1 {main}
2017-06-15 10:36:34 Error: Fatal Error (4): syntax error, unexpected '<' in [E:\cakePHP\app\View\Themed\Theme1\Users\add.ctp, line 74]
2017-06-15 10:36:34 Error: [FatalErrorException] syntax error, unexpected '<'
Request URL: /Users/add
Stack Trace:
#0 E:\cakePHP\lib\Cake\Error\ErrorHandler.php(213): ErrorHandler::handleFatalError(4, 'syntax error, u...', 'E:\\cakePHP\\app\\...', 74)
#1 [internal function]: ErrorHandler::handleError(4, 'syntax error, u...', 'E:\\cakePHP\\app\\...', 74, Array)
#2 E:\cakePHP\lib\Cake\Core\App.php(970): call_user_func('ErrorHandler::h...', 4, 'syntax error, u...', 'E:\\cakePHP\\app\\...', 74, Array)
#3 E:\cakePHP\lib\Cake\Core\App.php(943): App::_checkFatalError()
#4 [internal function]: App::shutdown()
#5 {main}
2017-06-15 10:36:34 Error: [MissingControllerException] Controller class Favicon.icoController could not be found.
Exception Attributes: array (
  'class' => 'Favicon.icoController',
  'plugin' => NULL,
)
Request URL: /favicon.ico
Stack Trace:
#0 E:\cakePHP\app\webroot\index.php(111): Dispatcher->dispatch(Object(CakeRequest), Object(CakeResponse))
#1 {main}
2017-06-15 11:20:30 Error: [PDOException] SQLSTATE[HY000]: General error: 1364 Field 'last_login_time' doesn't have a default value
Request URL: /Users/add
Stack Trace:
#0 E:\cakePHP\lib\Cake\Model\Datasource\DboSource.php(461): PDOStatement->execute(Array)
#1 E:\cakePHP\lib\Cake\Model\Datasource\DboSource.php(427): DboSource->_execute('INSERT INTO `ck...', Array)
#2 E:\cakePHP\lib\Cake\Model\Datasource\DboSource.php(1019): DboSource->execute('INSERT INTO `ck...')
#3 E:\cakePHP\lib\Cake\Model\Model.php(1933): DboSource->create(Object(User), Array, Array)
#4 E:\cakePHP\lib\Cake\Model\Model.php(1751): Model->_doSave(Array, Array)
#5 E:\cakePHP\app\Controller\UsersController.php(120): Model->save(Array)
#6 [internal function]: UsersController->add()
#7 E:\cakePHP\lib\Cake\Controller\Controller.php(491): ReflectionMethod->invokeArgs(Object(UsersController), Array)
#8 E:\cakePHP\lib\Cake\Routing\Dispatcher.php(193): Controller->invokeAction(Object(CakeRequest))
#9 E:\cakePHP\lib\Cake\Routing\Dispatcher.php(167): Dispatcher->_invoke(Object(UsersController), Object(CakeRequest))
#10 E:\cakePHP\app\webroot\index.php(111): Dispatcher->dispatch(Object(CakeRequest), Object(CakeResponse))
#11 {main}
2017-06-15 11:25:01 Error: Fatal Error (1): Call to a member function getrdclist() on null in [E:\cakePHP\app\Controller\UsersController.php, line 149]
2017-06-15 11:25:01 Error: [FatalErrorException] Call to a member function getrdclist() on null
Request URL: /Users/userinfo
Stack Trace:
#0 E:\cakePHP\lib\Cake\Error\ErrorHandler.php(213): ErrorHandler::handleFatalError(1, 'Call to a membe...', 'E:\\cakePHP\\app\\...', 149)
#1 [internal function]: ErrorHandler::handleError(1, 'Call to a membe...', 'E:\\cakePHP\\app\\...', 149, Array)
#2 E:\cakePHP\lib\Cake\Core\App.php(970): call_user_func('ErrorHandler::h...', 1, 'Call to a membe...', 'E:\\cakePHP\\app\\...', 149, Array)
#3 E:\cakePHP\lib\Cake\Core\App.php(943): App::_checkFatalError()
#4 [internal function]: App::shutdown()
#5 {main}
2017-06-15 11:26:39 Error: [MissingTableException] Table yz_user_logs for model UserLog was not found in datasource default.
Exception Attributes: array (
  'table' => 'yz_user_logs',
  'class' => 'UserLog',
  'ds' => 'default',
)
Request URL: /Users/user_log
Stack Trace:
#0 E:\cakePHP\lib\Cake\Model\Model.php(3653): Model->setSource('user_logs')
#1 E:\cakePHP\lib\Cake\Model\Model.php(3031): Model->getDataSource()
#2 E:\cakePHP\lib\Cake\Model\Model.php(3003): Model->_readDataSource('all', Array)
#3 E:\cakePHP\lib\Cake\Controller\Component\PaginatorComponent.php(196): Model->find('all', Array)
#4 E:\cakePHP\lib\Cake\Controller\Controller.php(1089): PaginatorComponent->paginate('UserLog', Array, Array)
#5 E:\cakePHP\app\Controller\UsersController.php(485): Controller->paginate('UserLog')
#6 [internal function]: UsersController->user_log()
#7 E:\cakePHP\lib\Cake\Controller\Controller.php(491): ReflectionMethod->invokeArgs(Object(UsersController), Array)
#8 E:\cakePHP\lib\Cake\Routing\Dispatcher.php(193): Controller->invokeAction(Object(CakeRequest))
#9 E:\cakePHP\lib\Cake\Routing\Dispatcher.php(167): Dispatcher->_invoke(Object(UsersController), Object(CakeRequest))
#10 E:\cakePHP\app\webroot\index.php(111): Dispatcher->dispatch(Object(CakeRequest), Object(CakeResponse))
#11 {main}
2017-06-15 11:26:45 Error: [PDOException] SQLSTATE[42S22]: Column not found: 1054 Unknown column 'Role.pid' in 'field list'
Request URL: /Roles/ajaxGetList
Stack Trace:
#0 E:\cakePHP\lib\Cake\Model\Datasource\DboSource.php(461): PDOStatement->execute(Array)
#1 E:\cakePHP\lib\Cake\Model\Datasource\DboSource.php(427): DboSource->_execute('SELECT `Role`.`...', Array)
#2 E:\cakePHP\lib\Cake\Model\Datasource\DboSource.php(664): DboSource->execute('SELECT `Role`.`...', Array, Array)
#3 E:\cakePHP\lib\Cake\Model\Datasource\DboSource.php(1113): DboSource->fetchAll('SELECT `Role`.`...', false)
#4 E:\cakePHP\lib\Cake\Model\Model.php(3031): DboSource->read(Object(Role), Array)
#5 E:\cakePHP\lib\Cake\Model\Model.php(3003): Model->_readDataSource('all', Array)
#6 E:\cakePHP\app\Controller\RolesController.php(116): Model->find('all', Array)
#7 [internal function]: RolesController->ajaxGetList()
#8 E:\cakePHP\lib\Cake\Controller\Controller.php(491): ReflectionMethod->invokeArgs(Object(RolesController), Array)
#9 E:\cakePHP\lib\Cake\Routing\Dispatcher.php(193): Controller->invokeAction(Object(CakeRequest))
#10 E:\cakePHP\lib\Cake\Routing\Dispatcher.php(167): Dispatcher->_invoke(Object(RolesController), Object(CakeRequest))
#11 E:\cakePHP\app\webroot\index.php(111): Dispatcher->dispatch(Object(CakeRequest), Object(CakeResponse))
#12 {main}
2017-06-15 11:26:54 Error: [PDOException] SQLSTATE[42S22]: Column not found: 1054 Unknown column 'Role.pid' in 'field list'
Request URL: /Roles/add
Stack Trace:
#0 E:\cakePHP\lib\Cake\Model\Datasource\DboSource.php(461): PDOStatement->execute(Array)
#1 E:\cakePHP\lib\Cake\Model\Datasource\DboSource.php(427): DboSource->_execute('SELECT `Role`.`...', Array)
#2 E:\cakePHP\lib\Cake\Model\Datasource\DboSource.php(664): DboSource->execute('SELECT `Role`.`...', Array, Array)
#3 E:\cakePHP\lib\Cake\Model\Datasource\DboSource.php(1113): DboSource->fetchAll('SELECT `Role`.`...', false)
#4 E:\cakePHP\lib\Cake\Model\Model.php(3031): DboSource->read(Object(Role), Array)
#5 E:\cakePHP\lib\Cake\Model\Model.php(3003): Model->_readDataSource('all', Array)
#6 E:\cakePHP\app\Controller\RolesController.php(89): Model->find('all', Array)
#7 E:\cakePHP\app\Controller\RolesController.php(62): RolesController->getRoles()
#8 [internal function]: RolesController->add()
#9 E:\cakePHP\lib\Cake\Controller\Controller.php(491): ReflectionMethod->invokeArgs(Object(RolesController), Array)
#10 E:\cakePHP\lib\Cake\Routing\Dispatcher.php(193): Controller->invokeAction(Object(CakeRequest))
#11 E:\cakePHP\lib\Cake\Routing\Dispatcher.php(167): Dispatcher->_invoke(Object(RolesController), Object(CakeRequest))
#12 E:\cakePHP\app\webroot\index.php(111): Dispatcher->dispatch(Object(CakeRequest), Object(CakeResponse))
#13 {main}
2017-06-15 11:27:00 Error: [PDOException] SQLSTATE[42S22]: Column not found: 1054 Unknown column 'Role.pid' in 'field list'
Request URL: /Roles/ajaxGetList
Stack Trace:
#0 E:\cakePHP\lib\Cake\Model\Datasource\DboSource.php(461): PDOStatement->execute(Array)
#1 E:\cakePHP\lib\Cake\Model\Datasource\DboSource.php(427): DboSource->_execute('SELECT `Role`.`...', Array)
#2 E:\cakePHP\lib\Cake\Model\Datasource\DboSource.php(664): DboSource->execute('SELECT `Role`.`...', Array, Array)
#3 E:\cakePHP\lib\Cake\Model\Datasource\DboSource.php(1113): DboSource->fetchAll('SELECT `Role`.`...', false)
#4 E:\cakePHP\lib\Cake\Model\Model.php(3031): DboSource->read(Object(Role), Array)
#5 E:\cakePHP\lib\Cake\Model\Model.php(3003): Model->_readDataSource('all', Array)
#6 E:\cakePHP\app\Controller\RolesController.php(116): Model->find('all', Array)
#7 [internal function]: RolesController->ajaxGetList()
#8 E:\cakePHP\lib\Cake\Controller\Controller.php(491): ReflectionMethod->invokeArgs(Object(RolesController), Array)
#9 E:\cakePHP\lib\Cake\Routing\Dispatcher.php(193): Controller->invokeAction(Object(CakeRequest))
#10 E:\cakePHP\lib\Cake\Routing\Dispatcher.php(167): Dispatcher->_invoke(Object(RolesController), Object(CakeRequest))
#11 E:\cakePHP\app\webroot\index.php(111): Dispatcher->dispatch(Object(CakeRequest), Object(CakeResponse))
#12 {main}
2017-06-15 11:27:04 Error: [PDOException] SQLSTATE[42S22]: Column not found: 1054 Unknown column 'Role.pid' in 'field list'
Request URL: /Roles/ajaxGetList
Stack Trace:
#0 E:\cakePHP\lib\Cake\Model\Datasource\DboSource.php(461): PDOStatement->execute(Array)
#1 E:\cakePHP\lib\Cake\Model\Datasource\DboSource.php(427): DboSource->_execute('SELECT `Role`.`...', Array)
#2 E:\cakePHP\lib\Cake\Model\Datasource\DboSource.php(664): DboSource->execute('SELECT `Role`.`...', Array, Array)
#3 E:\cakePHP\lib\Cake\Model\Datasource\DboSource.php(1113): DboSource->fetchAll('SELECT `Role`.`...', false)
#4 E:\cakePHP\lib\Cake\Model\Model.php(3031): DboSource->read(Object(Role), Array)
#5 E:\cakePHP\lib\Cake\Model\Model.php(3003): Model->_readDataSource('all', Array)
#6 E:\cakePHP\app\Controller\RolesController.php(116): Model->find('all', Array)
#7 [internal function]: RolesController->ajaxGetList()
#8 E:\cakePHP\lib\Cake\Controller\Controller.php(491): ReflectionMethod->invokeArgs(Object(RolesController), Array)
#9 E:\cakePHP\lib\Cake\Routing\Dispatcher.php(193): Controller->invokeAction(Object(CakeRequest))
#10 E:\cakePHP\lib\Cake\Routing\Dispatcher.php(167): Dispatcher->_invoke(Object(RolesController), Object(CakeRequest))
#11 E:\cakePHP\app\webroot\index.php(111): Dispatcher->dispatch(Object(CakeRequest), Object(CakeResponse))
#12 {main}
2017-06-15 11:41:50 Error: [PDOException] SQLSTATE[42S22]: Column not found: 1054 Unknown column 'Role.pid' in 'field list'
Request URL: /Roles/add
Stack Trace:
#0 E:\cakePHP\lib\Cake\Model\Datasource\DboSource.php(461): PDOStatement->execute(Array)
#1 E:\cakePHP\lib\Cake\Model\Datasource\DboSource.php(427): DboSource->_execute('SELECT `Role`.`...', Array)
#2 E:\cakePHP\lib\Cake\Model\Datasource\DboSource.php(664): DboSource->execute('SELECT `Role`.`...', Array, Array)
#3 E:\cakePHP\lib\Cake\Model\Datasource\DboSource.php(1113): DboSource->fetchAll('SELECT `Role`.`...', false)
#4 E:\cakePHP\lib\Cake\Model\Model.php(3031): DboSource->read(Object(Role), Array)
#5 E:\cakePHP\lib\Cake\Model\Model.php(3003): Model->_readDataSource('all', Array)
#6 E:\cakePHP\app\Controller\RolesController.php(94): Model->find('all', Array)
#7 E:\cakePHP\app\Controller\RolesController.php(69): RolesController->getRoles()
#8 [internal function]: RolesController->add()
#9 E:\cakePHP\lib\Cake\Controller\Controller.php(491): ReflectionMethod->invokeArgs(Object(RolesController), Array)
#10 E:\cakePHP\lib\Cake\Routing\Dispatcher.php(193): Controller->invokeAction(Object(CakeRequest))
#11 E:\cakePHP\lib\Cake\Routing\Dispatcher.php(167): Dispatcher->_invoke(Object(RolesController), Object(CakeRequest))
#12 E:\cakePHP\app\webroot\index.php(111): Dispatcher->dispatch(Object(CakeRequest), Object(CakeResponse))
#13 {main}
2017-06-15 11:41:54 Error: [PDOException] SQLSTATE[42S22]: Column not found: 1054 Unknown column 'Role.pid' in 'field list'
Request URL: /Roles/add
Stack Trace:
#0 E:\cakePHP\lib\Cake\Model\Datasource\DboSource.php(461): PDOStatement->execute(Array)
#1 E:\cakePHP\lib\Cake\Model\Datasource\DboSource.php(427): DboSource->_execute('SELECT `Role`.`...', Array)
#2 E:\cakePHP\lib\Cake\Model\Datasource\DboSource.php(664): DboSource->execute('SELECT `Role`.`...', Array, Array)
#3 E:\cakePHP\lib\Cake\Model\Datasource\DboSource.php(1113): DboSource->fetchAll('SELECT `Role`.`...', false)
#4 E:\cakePHP\lib\Cake\Model\Model.php(3031): DboSource->read(Object(Role), Array)
#5 E:\cakePHP\lib\Cake\Model\Model.php(3003): Model->_readDataSource('all', Array)
#6 E:\cakePHP\app\Controller\RolesController.php(94): Model->find('all', Array)
#7 E:\cakePHP\app\Controller\RolesController.php(69): RolesController->getRoles()
#8 [internal function]: RolesController->add()
#9 E:\cakePHP\lib\Cake\Controller\Controller.php(491): ReflectionMethod->invokeArgs(Object(RolesController), Array)
#10 E:\cakePHP\lib\Cake\Routing\Dispatcher.php(193): Controller->invokeAction(Object(CakeRequest))
#11 E:\cakePHP\lib\Cake\Routing\Dispatcher.php(167): Dispatcher->_invoke(Object(RolesController), Object(CakeRequest))
#12 E:\cakePHP\app\webroot\index.php(111): Dispatcher->dispatch(Object(CakeRequest), Object(CakeResponse))
#13 {main}
2017-06-15 11:42:38 Error: [PDOException] SQLSTATE[42S22]: Column not found: 1054 Unknown column 'Role.pid' in 'field list'
Request URL: /Roles/add
Stack Trace:
#0 E:\cakePHP\lib\Cake\Model\Datasource\DboSource.php(461): PDOStatement->execute(Array)
#1 E:\cakePHP\lib\Cake\Model\Datasource\DboSource.php(427): DboSource->_execute('SELECT `Role`.`...', Array)
#2 E:\cakePHP\lib\Cake\Model\Datasource\DboSource.php(664): DboSource->execute('SELECT `Role`.`...', Array, Array)
#3 E:\cakePHP\lib\Cake\Model\Datasource\DboSource.php(1113): DboSource->fetchAll('SELECT `Role`.`...', false)
#4 E:\cakePHP\lib\Cake\Model\Model.php(3031): DboSource->read(Object(Role), Array)
#5 E:\cakePHP\lib\Cake\Model\Model.php(3003): Model->_readDataSource('all', Array)
#6 E:\cakePHP\app\Controller\RolesController.php(94): Model->find('all', Array)
#7 E:\cakePHP\app\Controller\RolesController.php(69): RolesController->getRoles()
#8 [internal function]: RolesController->add()
#9 E:\cakePHP\lib\Cake\Controller\Controller.php(491): ReflectionMethod->invokeArgs(Object(RolesController), Array)
#10 E:\cakePHP\lib\Cake\Routing\Dispatcher.php(193): Controller->invokeAction(Object(CakeRequest))
#11 E:\cakePHP\lib\Cake\Routing\Dispatcher.php(167): Dispatcher->_invoke(Object(RolesController), Object(CakeRequest))
#12 E:\cakePHP\app\webroot\index.php(111): Dispatcher->dispatch(Object(CakeRequest), Object(CakeResponse))
#13 {main}
2017-06-15 11:48:03 Error: Fatal Error (4): syntax error, unexpected '=', expecting ')' in [E:\cakePHP\app\View\Themed\Theme1\Roles\add.ctp, line 33]
2017-06-15 11:48:03 Error: [FatalErrorException] syntax error, unexpected '=', expecting ')'
Request URL: /Roles/add
Stack Trace:
#0 E:\cakePHP\lib\Cake\Error\ErrorHandler.php(213): ErrorHandler::handleFatalError(4, 'syntax error, u...', 'E:\\cakePHP\\app\\...', 33)
#1 [internal function]: ErrorHandler::handleError(4, 'syntax error, u...', 'E:\\cakePHP\\app\\...', 33, Array)
#2 E:\cakePHP\lib\Cake\Core\App.php(970): call_user_func('ErrorHandler::h...', 4, 'syntax error, u...', 'E:\\cakePHP\\app\\...', 33, Array)
#3 E:\cakePHP\lib\Cake\Core\App.php(943): App::_checkFatalError()
#4 [internal function]: App::shutdown()
#5 {main}
2017-06-15 14:19:14 Error: [PDOException] SQLSTATE[42S22]: Column not found: 1054 Unknown column 'Role.pid' in 'field list'
Request URL: /Roles/ajaxGetList
Stack Trace:
#0 E:\cakePHP\lib\Cake\Model\Datasource\DboSource.php(461): PDOStatement->execute(Array)
#1 E:\cakePHP\lib\Cake\Model\Datasource\DboSource.php(427): DboSource->_execute('SELECT `Role`.`...', Array)
#2 E:\cakePHP\lib\Cake\Model\Datasource\DboSource.php(664): DboSource->execute('SELECT `Role`.`...', Array, Array)
#3 E:\cakePHP\lib\Cake\Model\Datasource\DboSource.php(1113): DboSource->fetchAll('SELECT `Role`.`...', false)
#4 E:\cakePHP\lib\Cake\Model\Model.php(3031): DboSource->read(Object(Role), Array)
#5 E:\cakePHP\lib\Cake\Model\Model.php(3003): Model->_readDataSource('all', Array)
#6 E:\cakePHP\app\Controller\RolesController.php(146): Model->find('all', Array)
#7 [internal function]: RolesController->ajaxGetList()
#8 E:\cakePHP\lib\Cake\Controller\Controller.php(491): ReflectionMethod->invokeArgs(Object(RolesController), Array)
#9 E:\cakePHP\lib\Cake\Routing\Dispatcher.php(193): Controller->invokeAction(Object(CakeRequest))
#10 E:\cakePHP\lib\Cake\Routing\Dispatcher.php(167): Dispatcher->_invoke(Object(RolesController), Object(CakeRequest))
#11 E:\cakePHP\app\webroot\index.php(111): Dispatcher->dispatch(Object(CakeRequest), Object(CakeResponse))
#12 {main}
2017-06-15 14:40:37 Error: [MissingActionException] Action AuthoritiesController::theme() could not be found.
Exception Attributes: array (
  'controller' => 'AuthoritiesController',
  'action' => 'theme',
)
Request URL: /Authorities/theme/Theme1/image/ajax-loading.gif
Stack Trace:
#0 E:\cakePHP\lib\Cake\Routing\Dispatcher.php(193): Controller->invokeAction(Object(CakeRequest))
#1 E:\cakePHP\lib\Cake\Routing\Dispatcher.php(167): Dispatcher->_invoke(Object(AuthoritiesController), Object(CakeRequest))
#2 E:\cakePHP\app\webroot\index.php(111): Dispatcher->dispatch(Object(CakeRequest), Object(CakeResponse))
#3 {main}
2017-06-15 15:43:22 Error: [PDOException] SQLSTATE[42S22]: Column not found: 1054 Unknown column 'Role.pid' in 'field list'
Request URL: /Roles/ajaxGetList
Stack Trace:
#0 E:\cakePHP\lib\Cake\Model\Datasource\DboSource.php(461): PDOStatement->execute(Array)
#1 E:\cakePHP\lib\Cake\Model\Datasource\DboSource.php(427): DboSource->_execute('SELECT `Role`.`...', Array)
#2 E:\cakePHP\lib\Cake\Model\Datasource\DboSource.php(664): DboSource->execute('SELECT `Role`.`...', Array, Array)
#3 E:\cakePHP\lib\Cake\Model\Datasource\DboSource.php(1113): DboSource->fetchAll('SELECT `Role`.`...', false)
#4 E:\cakePHP\lib\Cake\Model\Model.php(3031): DboSource->read(Object(Role), Array)
#5 E:\cakePHP\lib\Cake\Model\Model.php(3003): Model->_readDataSource('all', Array)
#6 E:\cakePHP\app\Controller\RolesController.php(146): Model->find('all', Array)
#7 [internal function]: RolesController->ajaxGetList()
#8 E:\cakePHP\lib\Cake\Controller\Controller.php(491): ReflectionMethod->invokeArgs(Object(RolesController), Array)
#9 E:\cakePHP\lib\Cake\Routing\Dispatcher.php(193): Controller->invokeAction(Object(CakeRequest))
#10 E:\cakePHP\lib\Cake\Routing\Dispatcher.php(167): Dispatcher->_invoke(Object(RolesController), Object(CakeRequest))
#11 E:\cakePHP\app\webroot\index.php(111): Dispatcher->dispatch(Object(CakeRequest), Object(CakeResponse))
#12 {main}
2017-06-15 15:43:28 Error: [PDOException] SQLSTATE[42S22]: Column not found: 1054 Unknown column 'Role.pid' in 'field list'
Request URL: /Roles/ajaxGetList
Stack Trace:
#0 E:\cakePHP\lib\Cake\Model\Datasource\DboSource.php(461): PDOStatement->execute(Array)
#1 E:\cakePHP\lib\Cake\Model\Datasource\DboSource.php(427): DboSource->_execute('SELECT `Role`.`...', Array)
#2 E:\cakePHP\lib\Cake\Model\Datasource\DboSource.php(664): DboSource->execute('SELECT `Role`.`...', Array, Array)
#3 E:\cakePHP\lib\Cake\Model\Datasource\DboSource.php(1113): DboSource->fetchAll('SELECT `Role`.`...', false)
#4 E:\cakePHP\lib\Cake\Model\Model.php(3031): DboSource->read(Object(Role), Array)
#5 E:\cakePHP\lib\Cake\Model\Model.php(3003): Model->_readDataSource('all', Array)
#6 E:\cakePHP\app\Controller\RolesController.php(146): Model->find('all', Array)
#7 [internal function]: RolesController->ajaxGetList()
#8 E:\cakePHP\lib\Cake\Controller\Controller.php(491): ReflectionMethod->invokeArgs(Object(RolesController), Array)
#9 E:\cakePHP\lib\Cake\Routing\Dispatcher.php(193): Controller->invokeAction(Object(CakeRequest))
#10 E:\cakePHP\lib\Cake\Routing\Dispatcher.php(167): Dispatcher->_invoke(Object(RolesController), Object(CakeRequest))
#11 E:\cakePHP\app\webroot\index.php(111): Dispatcher->dispatch(Object(CakeRequest), Object(CakeResponse))
#12 {main}
2017-06-15 15:43:33 Error: [PDOException] SQLSTATE[42S22]: Column not found: 1054 Unknown column 'Role.pid' in 'field list'
Request URL: /Roles/ajaxGetList
Stack Trace:
#0 E:\cakePHP\lib\Cake\Model\Datasource\DboSource.php(461): PDOStatement->execute(Array)
#1 E:\cakePHP\lib\Cake\Model\Datasource\DboSource.php(427): DboSource->_execute('SELECT `Role`.`...', Array)
#2 E:\cakePHP\lib\Cake\Model\Datasource\DboSource.php(664): DboSource->execute('SELECT `Role`.`...', Array, Array)
#3 E:\cakePHP\lib\Cake\Model\Datasource\DboSource.php(1113): DboSource->fetchAll('SELECT `Role`.`...', false)
#4 E:\cakePHP\lib\Cake\Model\Model.php(3031): DboSource->read(Object(Role), Array)
#5 E:\cakePHP\lib\Cake\Model\Model.php(3003): Model->_readDataSource('all', Array)
#6 E:\cakePHP\app\Controller\RolesController.php(146): Model->find('all', Array)
#7 [internal function]: RolesController->ajaxGetList()
#8 E:\cakePHP\lib\Cake\Controller\Controller.php(491): ReflectionMethod->invokeArgs(Object(RolesController), Array)
#9 E:\cakePHP\lib\Cake\Routing\Dispatcher.php(193): Controller->invokeAction(Object(CakeRequest))
#10 E:\cakePHP\lib\Cake\Routing\Dispatcher.php(167): Dispatcher->_invoke(Object(RolesController), Object(CakeRequest))
#11 E:\cakePHP\app\webroot\index.php(111): Dispatcher->dispatch(Object(CakeRequest), Object(CakeResponse))
#12 {main}
2017-06-15 15:45:41 Error: [PDOException] SQLSTATE[42S22]: Column not found: 1054 Unknown column 'Role.pid' in 'field list'
Request URL: /Roles/ajaxGetList
Stack Trace:
#0 E:\cakePHP\lib\Cake\Model\Datasource\DboSource.php(461): PDOStatement->execute(Array)
#1 E:\cakePHP\lib\Cake\Model\Datasource\DboSource.php(427): DboSource->_execute('SELECT `Role`.`...', Array)
#2 E:\cakePHP\lib\Cake\Model\Datasource\DboSource.php(664): DboSource->execute('SELECT `Role`.`...', Array, Array)
#3 E:\cakePHP\lib\Cake\Model\Datasource\DboSource.php(1113): DboSource->fetchAll('SELECT `Role`.`...', false)
#4 E:\cakePHP\lib\Cake\Model\Model.php(3031): DboSource->read(Object(Role), Array)
#5 E:\cakePHP\lib\Cake\Model\Model.php(3003): Model->_readDataSource('all', Array)
#6 E:\cakePHP\app\Controller\RolesController.php(77): Model->find('all', Array)
#7 [internal function]: RolesController->ajaxGetList()
#8 E:\cakePHP\lib\Cake\Controller\Controller.php(491): ReflectionMethod->invokeArgs(Object(RolesController), Array)
#9 E:\cakePHP\lib\Cake\Routing\Dispatcher.php(193): Controller->invokeAction(Object(CakeRequest))
#10 E:\cakePHP\lib\Cake\Routing\Dispatcher.php(167): Dispatcher->_invoke(Object(RolesController), Object(CakeRequest))
#11 E:\cakePHP\app\webroot\index.php(111): Dispatcher->dispatch(Object(CakeRequest), Object(CakeResponse))
#12 {main}
2017-06-15 16:56:26 Error: [MissingActionException] Action RolesController::edit() could not be found.
Exception Attributes: array (
  'controller' => 'RolesController',
  'action' => 'edit',
)
Request URL: /Roles/edit/5
Stack Trace:
#0 E:\cakePHP\lib\Cake\Routing\Dispatcher.php(193): Controller->invokeAction(Object(CakeRequest))
#1 E:\cakePHP\lib\Cake\Routing\Dispatcher.php(167): Dispatcher->_invoke(Object(RolesController), Object(CakeRequest))
#2 E:\cakePHP\app\webroot\index.php(111): Dispatcher->dispatch(Object(CakeRequest), Object(CakeResponse))
#3 {main}
2017-06-15 17:41:54 Error: [MissingActionException] Action RolesController::getRolid_Authlist() could not be found.
Exception Attributes: array (
  'controller' => 'RolesController',
  'action' => 'getRolid_Authlist',
)
Request URL: /Roles/getRolid_Authlist
Stack Trace:
#0 E:\cakePHP\lib\Cake\Routing\Dispatcher.php(193): Controller->invokeAction(Object(CakeRequest))
#1 E:\cakePHP\lib\Cake\Routing\Dispatcher.php(167): Dispatcher->_invoke(Object(RolesController), Object(CakeRequest))
#2 E:\cakePHP\app\webroot\index.php(111): Dispatcher->dispatch(Object(CakeRequest), Object(CakeResponse))
#3 {main}
2017-06-15 17:44:13 Error: [MissingActionException] Action RolesController::getRolid_Menulist() could not be found.
Exception Attributes: array (
  'controller' => 'RolesController',
  'action' => 'getRolid_Menulist',
)
Request URL: /Roles/getRolid_Menulist
Stack Trace:
#0 E:\cakePHP\lib\Cake\Routing\Dispatcher.php(193): Controller->invokeAction(Object(CakeRequest))
#1 E:\cakePHP\lib\Cake\Routing\Dispatcher.php(167): Dispatcher->_invoke(Object(RolesController), Object(CakeRequest))
#2 E:\cakePHP\app\webroot\index.php(111): Dispatcher->dispatch(Object(CakeRequest), Object(CakeResponse))
#3 {main}
2017-06-15 17:44:32 Error: [MissingActionException] Action RolesController::setRol_Menu() could not be found.
Exception Attributes: array (
  'controller' => 'RolesController',
  'action' => 'setRol_Menu',
)
Request URL: /Roles/setRol_Menu
Stack Trace:
#0 E:\cakePHP\lib\Cake\Routing\Dispatcher.php(193): Controller->invokeAction(Object(CakeRequest))
#1 E:\cakePHP\lib\Cake\Routing\Dispatcher.php(167): Dispatcher->_invoke(Object(RolesController), Object(CakeRequest))
#2 E:\cakePHP\app\webroot\index.php(111): Dispatcher->dispatch(Object(CakeRequest), Object(CakeResponse))
#3 {main}
2017-06-15 18:24:55 Error: Fatal Error (1): Call to a member function getrdclist() on null in [E:\cakePHP\app\Controller\UsersController.php, line 150]
2017-06-15 18:24:55 Error: [FatalErrorException] Call to a member function getrdclist() on null
Request URL: /Users/userinfo
Stack Trace:
#0 E:\cakePHP\lib\Cake\Error\ErrorHandler.php(213): ErrorHandler::handleFatalError(1, 'Call to a membe...', 'E:\\cakePHP\\app\\...', 150)
#1 [internal function]: ErrorHandler::handleError(1, 'Call to a membe...', 'E:\\cakePHP\\app\\...', 150, Array)
#2 E:\cakePHP\lib\Cake\Core\App.php(970): call_user_func('ErrorHandler::h...', 1, 'Call to a membe...', 'E:\\cakePHP\\app\\...', 150, Array)
#3 E:\cakePHP\lib\Cake\Core\App.php(943): App::_checkFatalError()
#4 [internal function]: App::shutdown()
#5 {main}
2017-06-15 18:25:32 Error: [PDOException] SQLSTATE[42000]: Syntax error or access violation: 1064 You have an error in your SQL syntax; check the manual that corresponds to your MySQL server version for the right syntax to use near 'getrolelist' at line 1
Request URL: /Users/userinfo
Stack Trace:
#0 E:\cakePHP\lib\Cake\Model\Datasource\DboSource.php(461): PDOStatement->execute(Array)
#1 E:\cakePHP\lib\Cake\Model\Datasource\DboSource.php(427): DboSource->_execute('getrolelist', Array)
#2 E:\cakePHP\lib\Cake\Model\Datasource\DboSource.php(664): DboSource->execute('getrolelist', Array, Array)
#3 E:\cakePHP\lib\Cake\Model\Datasource\DboSource.php(607): DboSource->fetchAll('getrolelist', Array, Array)
#4 E:\cakePHP\lib\Cake\Model\Model.php(827): DboSource->query('getrolelist', Array, Object(Role))
#5 E:\cakePHP\app\Controller\UsersController.php(150): Model->__call('getrolelist', Array)
#6 E:\cakePHP\app\Controller\UsersController.php(150): Role->getrolelist()
#7 [internal function]: UsersController->userinfo()
#8 E:\cakePHP\lib\Cake\Controller\Controller.php(491): ReflectionMethod->invokeArgs(Object(UsersController), Array)
#9 E:\cakePHP\lib\Cake\Routing\Dispatcher.php(193): Controller->invokeAction(Object(CakeRequest))
#10 E:\cakePHP\lib\Cake\Routing\Dispatcher.php(167): Dispatcher->_invoke(Object(UsersController), Object(CakeRequest))
#11 E:\cakePHP\app\webroot\index.php(111): Dispatcher->dispatch(Object(CakeRequest), Object(CakeResponse))
#12 {main}
2017-06-15 18:26:50 Error: Fatal Error (1): Call to undefined method UsersController::get_message_info() in [E:\cakePHP\app\Controller\UsersController.php, line 203]
2017-06-15 18:26:50 Error: [FatalErrorException] Call to undefined method UsersController::get_message_info()
Request URL: /Users/usercenter
Stack Trace:
#0 E:\cakePHP\lib\Cake\Error\ErrorHandler.php(213): ErrorHandler::handleFatalError(1, 'Call to undefin...', 'E:\\cakePHP\\app\\...', 203)
#1 [internal function]: ErrorHandler::handleError(1, 'Call to undefin...', 'E:\\cakePHP\\app\\...', 203, Array)
#2 E:\cakePHP\lib\Cake\Core\App.php(970): call_user_func('ErrorHandler::h...', 1, 'Call to undefin...', 'E:\\cakePHP\\app\\...', 203, Array)
#3 E:\cakePHP\lib\Cake\Core\App.php(943): App::_checkFatalError()
#4 [internal function]: App::shutdown()
#5 {main}
2017-06-15 18:27:00 Error: [MissingControllerException] Controller class WebrootController could not be found.
Exception Attributes: array (
  'class' => 'WebrootController',
  'plugin' => NULL,
)
Request URL: /webroot/image/AAAAAA&text=no+image
Stack Trace:
#0 E:\cakePHP\app\webroot\index.php(111): Dispatcher->dispatch(Object(CakeRequest), Object(CakeResponse))
#1 {main}
2017-06-16 09:40:39 Error: [MissingControllerException] Controller class Favicon.icoController could not be found.
Exception Attributes: array (
  'class' => 'Favicon.icoController',
  'plugin' => NULL,
)
Request URL: /favicon.ico
Stack Trace:
#0 E:\cakePHP\app\webroot\index.php(111): Dispatcher->dispatch(Object(CakeRequest), Object(CakeResponse))
#1 {main}
2017-06-16 09:48:37 Error: [MissingControllerException] Controller class WebrootController could not be found.
Exception Attributes: array (
  'class' => 'WebrootController',
  'plugin' => NULL,
)
Request URL: /webroot/image/AAAAAA&text=no+image
Stack Trace:
#0 E:\cakePHP\app\webroot\index.php(111): Dispatcher->dispatch(Object(CakeRequest), Object(CakeResponse))
#1 {main}
2017-06-16 09:52:53 Error: Fatal Error (1): Call to undefined method UsersController::Auth() in [E:\cakePHP\app\Controller\UsersController.php, line 143]
2017-06-16 09:52:53 Error: [FatalErrorException] Call to undefined method UsersController::Auth()
Request URL: /Users/usercenter
Stack Trace:
#0 E:\cakePHP\lib\Cake\Error\ErrorHandler.php(213): ErrorHandler::handleFatalError(1, 'Call to undefin...', 'E:\\cakePHP\\app\\...', 143)
#1 [internal function]: ErrorHandler::handleError(1, 'Call to undefin...', 'E:\\cakePHP\\app\\...', 143, Array)
#2 E:\cakePHP\lib\Cake\Core\App.php(970): call_user_func('ErrorHandler::h...', 1, 'Call to undefin...', 'E:\\cakePHP\\app\\...', 143, Array)
#3 E:\cakePHP\lib\Cake\Core\App.php(943): App::_checkFatalError()
#4 [internal function]: App::shutdown()
#5 {main}
2017-06-16 09:55:24 Error: [MissingControllerException] Controller class WebrootController could not be found.
Exception Attributes: array (
  'class' => 'WebrootController',
  'plugin' => NULL,
)
Request URL: /webroot/image/AAAAAA&text=no+image
Stack Trace:
#0 E:\cakePHP\app\webroot\index.php(111): Dispatcher->dispatch(Object(CakeRequest), Object(CakeResponse))
#1 {main}
2017-06-16 09:57:08 Error: [MissingControllerException] Controller class WebrootController could not be found.
Exception Attributes: array (
  'class' => 'WebrootController',
  'plugin' => NULL,
)
Request URL: /webroot/image/AAAAAA&text=no+image
Stack Trace:
#0 E:\cakePHP\app\webroot\index.php(111): Dispatcher->dispatch(Object(CakeRequest), Object(CakeResponse))
#1 {main}
2017-06-16 09:57:38 Error: [MissingControllerException] Controller class WebrootController could not be found.
Exception Attributes: array (
  'class' => 'WebrootController',
  'plugin' => NULL,
)
Request URL: /webroot/image/AAAAAA&text=no+image
Stack Trace:
#0 E:\cakePHP\app\webroot\index.php(111): Dispatcher->dispatch(Object(CakeRequest), Object(CakeResponse))
#1 {main}
2017-06-16 09:58:00 Error: [MissingControllerException] Controller class WebrootController could not be found.
Exception Attributes: array (
  'class' => 'WebrootController',
  'plugin' => NULL,
)
Request URL: /webroot/image/AAAAAA&text=no+image
Stack Trace:
#0 E:\cakePHP\app\webroot\index.php(111): Dispatcher->dispatch(Object(CakeRequest), Object(CakeResponse))
#1 {main}
2017-06-16 10:01:13 Error: [MissingControllerException] Controller class WebrootController could not be found.
Exception Attributes: array (
  'class' => 'WebrootController',
  'plugin' => NULL,
)
Request URL: /webroot/image/AAAAAA&text=no+image
Stack Trace:
#0 E:\cakePHP\app\webroot\index.php(111): Dispatcher->dispatch(Object(CakeRequest), Object(CakeResponse))
#1 {main}
2017-06-16 10:01:55 Error: [MissingControllerException] Controller class WebrootController could not be found.
Exception Attributes: array (
  'class' => 'WebrootController',
  'plugin' => NULL,
)
Request URL: /webroot/image/AAAAAA&text=no+image
Stack Trace:
#0 E:\cakePHP\app\webroot\index.php(111): Dispatcher->dispatch(Object(CakeRequest), Object(CakeResponse))
#1 {main}
2017-06-16 10:02:17 Error: [MissingControllerException] Controller class WebrootController could not be found.
Exception Attributes: array (
  'class' => 'WebrootController',
  'plugin' => NULL,
)
Request URL: /webroot/image/AAAAAA&text=no+image
Stack Trace:
#0 E:\cakePHP\app\webroot\index.php(111): Dispatcher->dispatch(Object(CakeRequest), Object(CakeResponse))
#1 {main}
2017-06-16 10:02:41 Error: [MissingControllerException] Controller class WebrootController could not be found.
Exception Attributes: array (
  'class' => 'WebrootController',
  'plugin' => NULL,
)
Request URL: /webroot/image/AAAAAA&text=no+image
Stack Trace:
#0 E:\cakePHP\app\webroot\index.php(111): Dispatcher->dispatch(Object(CakeRequest), Object(CakeResponse))
#1 {main}
2017-06-16 10:03:09 Error: [MissingControllerException] Controller class WebrootController could not be found.
Exception Attributes: array (
  'class' => 'WebrootController',
  'plugin' => NULL,
)
Request URL: /webroot/image/AAAAAA&text=no+image
Stack Trace:
#0 E:\cakePHP\app\webroot\index.php(111): Dispatcher->dispatch(Object(CakeRequest), Object(CakeResponse))
#1 {main}
2017-06-16 10:03:33 Error: [MissingControllerException] Controller class WebrootController could not be found.
Exception Attributes: array (
  'class' => 'WebrootController',
  'plugin' => NULL,
)
Request URL: /webroot/image/AAAAAA&text=no+image
Stack Trace:
#0 E:\cakePHP\app\webroot\index.php(111): Dispatcher->dispatch(Object(CakeRequest), Object(CakeResponse))
#1 {main}
2017-06-16 10:06:12 Error: [MissingControllerException] Controller class WebrootController could not be found.
Exception Attributes: array (
  'class' => 'WebrootController',
  'plugin' => NULL,
)
Request URL: /webroot/image/AAAAAA&text=no+image
Stack Trace:
#0 E:\cakePHP\app\webroot\index.php(111): Dispatcher->dispatch(Object(CakeRequest), Object(CakeResponse))
#1 {main}
2017-06-16 15:33:13 Error: [MissingViewException] View file "Users\change_password.ctp" is missing.
Exception Attributes: array (
  'file' => 'Users\\change_password.ctp',
)
Request URL: /users/change_password
Stack Trace:
#0 E:\mengma\02_SourceCode\lib\Cake\View\View.php(470): View->_getViewFileName(NULL)
#1 E:\mengma\02_SourceCode\lib\Cake\Controller\Controller.php(963): View->render(NULL, NULL)
#2 E:\mengma\02_SourceCode\lib\Cake\Routing\Dispatcher.php(200): Controller->render()
#3 E:\mengma\02_SourceCode\lib\Cake\Routing\Dispatcher.php(167): Dispatcher->_invoke(Object(UsersController), Object(CakeRequest))
#4 E:\mengma\02_SourceCode\app\webroot\index.php(111): Dispatcher->dispatch(Object(CakeRequest), Object(CakeResponse))
#5 {main}
2017-06-16 16:43:21 Error: [MissingActionException] Action UsersController::chang_avatar() could not be found.
Exception Attributes: array (
  'controller' => 'UsersController',
  'action' => 'chang_avatar',
)
Request URL: /users/chang_avatar
Stack Trace:
#0 E:\mengma\02_SourceCode\lib\Cake\Routing\Dispatcher.php(193): Controller->invokeAction(Object(CakeRequest))
#1 E:\mengma\02_SourceCode\lib\Cake\Routing\Dispatcher.php(167): Dispatcher->_invoke(Object(UsersController), Object(CakeRequest))
#2 E:\mengma\02_SourceCode\app\webroot\index.php(111): Dispatcher->dispatch(Object(CakeRequest), Object(CakeResponse))
#3 {main}
2017-06-16 16:43:50 Error: [MissingActionException] Action UsersController::chang_avatar() could not be found.
Exception Attributes: array (
  'controller' => 'UsersController',
  'action' => 'chang_avatar',
)
Request URL: /users/chang_avatar
Stack Trace:
#0 E:\mengma\02_SourceCode\lib\Cake\Routing\Dispatcher.php(193): Controller->invokeAction(Object(CakeRequest))
#1 E:\mengma\02_SourceCode\lib\Cake\Routing\Dispatcher.php(167): Dispatcher->_invoke(Object(UsersController), Object(CakeRequest))
#2 E:\mengma\02_SourceCode\app\webroot\index.php(111): Dispatcher->dispatch(Object(CakeRequest), Object(CakeResponse))
#3 {main}
2017-06-16 17:30:54 Error: [MissingControllerException] Controller class ImgController could not be found.
Exception Attributes: array (
  'class' => 'ImgController',
  'plugin' => NULL,
)
Request URL: /img/user_avatar/201706161721205943a3109c4de7990.jpg
Stack Trace:
#0 E:\mengma\02_SourceCode\app\webroot\index.php(111): Dispatcher->dispatch(Object(CakeRequest), Object(CakeResponse))
#1 {main}
2017-06-16 17:31:06 Error: [MissingControllerException] Controller class ImgController could not be found.
Exception Attributes: array (
  'class' => 'ImgController',
  'plugin' => NULL,
)
Request URL: /img/user_avatar/201706161721205943a3109c4de7990.jpg
Stack Trace:
#0 E:\mengma\02_SourceCode\app\webroot\index.php(111): Dispatcher->dispatch(Object(CakeRequest), Object(CakeResponse))
#1 {main}
2017-06-16 17:31:25 Error: [MissingControllerException] Controller class ImgController could not be found.
Exception Attributes: array (
  'class' => 'ImgController',
  'plugin' => NULL,
)
Request URL: /img/user_avatar/201706161721205943a3109c4de7990.jpg
Stack Trace:
#0 E:\mengma\02_SourceCode\app\webroot\index.php(111): Dispatcher->dispatch(Object(CakeRequest), Object(CakeResponse))
#1 {main}
2017-06-16 17:32:44 Error: [MissingControllerException] Controller class ImgController could not be found.
Exception Attributes: array (
  'class' => 'ImgController',
  'plugin' => NULL,
)
Request URL: /img/user_avatar/201706161721205943a3109c4de7990.jpg
Stack Trace:
#0 E:\mengma\02_SourceCode\app\webroot\index.php(111): Dispatcher->dispatch(Object(CakeRequest), Object(CakeResponse))
#1 {main}
2017-06-16 17:33:22 Error: [MissingControllerException] Controller class ImgController could not be found.
Exception Attributes: array (
  'class' => 'ImgController',
  'plugin' => NULL,
)
Request URL: /img/user_avatar/201706161721205943a3109c4de7990.jpg
Stack Trace:
#0 E:\mengma\02_SourceCode\app\webroot\index.php(111): Dispatcher->dispatch(Object(CakeRequest), Object(CakeResponse))
#1 {main}
2017-06-16 17:33:34 Error: [MissingActionException] Action UsersController::w() could not be found.
Exception Attributes: array (
  'controller' => 'UsersController',
  'action' => 'w',
)
Request URL: /Users/w/ebroot/img/user_avatar/201706161721205943a3109c4de7990.jpg
Stack Trace:
#0 E:\mengma\02_SourceCode\lib\Cake\Routing\Dispatcher.php(193): Controller->invokeAction(Object(CakeRequest))
#1 E:\mengma\02_SourceCode\lib\Cake\Routing\Dispatcher.php(167): Dispatcher->_invoke(Object(UsersController), Object(CakeRequest))
#2 E:\mengma\02_SourceCode\app\webroot\index.php(111): Dispatcher->dispatch(Object(CakeRequest), Object(CakeResponse))
#3 {main}
2017-06-16 17:33:42 Error: [MissingActionException] Action UsersController::webroot() could not be found.
Exception Attributes: array (
  'controller' => 'UsersController',
  'action' => 'webroot',
)
Request URL: /Users/webroot/img/user_avatar/201706161721205943a3109c4de7990.jpg
Stack Trace:
#0 E:\mengma\02_SourceCode\lib\Cake\Routing\Dispatcher.php(193): Controller->invokeAction(Object(CakeRequest))
#1 E:\mengma\02_SourceCode\lib\Cake\Routing\Dispatcher.php(167): Dispatcher->_invoke(Object(UsersController), Object(CakeRequest))
#2 E:\mengma\02_SourceCode\app\webroot\index.php(111): Dispatcher->dispatch(Object(CakeRequest), Object(CakeResponse))
#3 {main}
2017-06-16 17:33:46 Error: [MissingControllerException] Controller class WebrootController could not be found.
Exception Attributes: array (
  'class' => 'WebrootController',
  'plugin' => NULL,
)
Request URL: /webroot/img/user_avatar/201706161721205943a3109c4de7990.jpg
Stack Trace:
#0 E:\mengma\02_SourceCode\app\webroot\index.php(111): Dispatcher->dispatch(Object(CakeRequest), Object(CakeResponse))
#1 {main}
2017-06-16 17:41:17 Error: [MissingHelperException] Helper class AuthHelper could not be found.
Exception Attributes: array (
  'class' => 'AuthHelper',
  'plugin' => false,
)
Request URL: /Users/usercenter
Stack Trace:
#0 E:\mengma\02_SourceCode\lib\Cake\View\HelperCollection.php(63): HelperCollection->load('Auth')
#1 E:\mengma\02_SourceCode\lib\Cake\View\View.php(858): HelperCollection->__isset('Auth')
#2 E:\mengma\02_SourceCode\app\View\Elements\theme1\CommonTop.ctp(29): View->__get('Auth')
#3 E:\mengma\02_SourceCode\lib\Cake\View\View.php(971): include('E:\\mengma\\02_So...')
#4 E:\mengma\02_SourceCode\lib\Cake\View\View.php(933): View->_evaluate('E:\\mengma\\02_So...', Array)
#5 E:\mengma\02_SourceCode\lib\Cake\View\View.php(1224): View->_render('E:\\mengma\\02_So...', Array)
#6 E:\mengma\02_SourceCode\lib\Cake\View\View.php(418): View->_renderElement('E:\\mengma\\02_So...', Array, Array)
#7 E:\mengma\02_SourceCode\app\View\Elements\theme1\CommonHead.ctp(32): View->element('theme1/CommonTo...')
#8 E:\mengma\02_SourceCode\lib\Cake\View\View.php(971): include('E:\\mengma\\02_So...')
#9 E:\mengma\02_SourceCode\lib\Cake\View\View.php(933): View->_evaluate('E:\\mengma\\02_So...', Array)
#10 E:\mengma\02_SourceCode\lib\Cake\View\View.php(1224): View->_render('E:\\mengma\\02_So...', Array)
#11 E:\mengma\02_SourceCode\lib\Cake\View\View.php(418): View->_renderElement('E:\\mengma\\02_So...', Array, Array)
#12 E:\mengma\02_SourceCode\app\View\Themed\Theme1\Users\usercenter.ctp(5): View->element('theme1/CommonHe...')
#13 E:\mengma\02_SourceCode\lib\Cake\View\View.php(971): include('E:\\mengma\\02_So...')
#14 E:\mengma\02_SourceCode\lib\Cake\View\View.php(933): View->_evaluate('E:\\mengma\\02_So...', Array)
#15 E:\mengma\02_SourceCode\lib\Cake\View\View.php(473): View->_render('E:\\mengma\\02_So...')
#16 E:\mengma\02_SourceCode\lib\Cake\Controller\Controller.php(963): View->render(NULL, NULL)
#17 E:\mengma\02_SourceCode\lib\Cake\Routing\Dispatcher.php(200): Controller->render()
#18 E:\mengma\02_SourceCode\lib\Cake\Routing\Dispatcher.php(167): Dispatcher->_invoke(Object(UsersController), Object(CakeRequest))
#19 E:\mengma\02_SourceCode\app\webroot\index.php(111): Dispatcher->dispatch(Object(CakeRequest), Object(CakeResponse))
#20 {main}
